Classify messages with all words

============= Classification Results =============
TRUTH 	 CLASS 	 ID
ham	ham	0001.1999-12-10.farmer
ham	ham	0001.1999-12-10.kaminski
ham	ham	0001.2000-01-17.beck
ham	ham	0001.2000-06-06.lokay
ham	ham	0001.2001-02-07.kitchen
ham	ham	0001.2001-04-02.williams
ham	ham	0002.1999-12-13.farmer
ham	ham	0002.2001-02-07.kitchen
spam	spam	0002.2001-05-25.sa_and_hp
spam	spam	0002.2003-12-18.gp
spam	spam	0002.2004-08-01.bg
ham	ham	0003.1999-12-10.kaminski
ham	ham	0003.1999-12-14.farmer
ham	ham	0003.2000-01-17.beck
ham	ham	0003.2001-02-08.kitchen
spam	spam	0003.2003-12-18.gp
spam	spam	0003.2004-08-01.bg
ham	ham	0004.1999-12-10.kaminski
ham	ham	0004.1999-12-14.farmer
ham	ham	0004.2001-04-02.williams
spam	spam	0004.2001-06-12.sa_and_hp
spam	spam	0004.2004-08-01.bg
ham	ham	0005.1999-12-12.kaminski
ham	ham	0005.1999-12-14.farmer
ham	ham	0005.2000-06-06.lokay
ham	ham	0005.2001-02-08.kitchen
spam	spam	0005.2001-06-23.sa_and_hp
spam	spam	0005.2003-12-18.gp
ham	ham	0006.1999-12-13.kaminski
ham	spam	0006.2001-02-08.kitchen
ham	ham	0006.2001-04-03.williams
spam	spam	0006.2001-06-25.sa_and_hp
spam	spam	0006.2003-12-18.gp
spam	spam	0006.2004-08-01.bg
ham	ham	0007.1999-12-13.kaminski
ham	ham	0007.1999-12-14.farmer
ham	ham	0007.2000-01-17.beck
ham	ham	0007.2001-02-09.kitchen
spam	spam	0007.2003-12-18.gp
spam	spam	0007.2004-08-01.bg
ham	ham	0008.2001-02-09.kitchen
spam	spam	0008.2001-06-12.sa_and_hp
spam	spam	0008.2001-06-25.sa_and_hp
spam	spam	0008.2003-12-18.gp
spam	spam	0008.2004-08-01.bg
ham	ham	0009.1999-12-13.kaminski
ham	ham	0009.1999-12-14.farmer
ham	ham	0009.2000-06-07.lokay
ham	ham	0009.2001-02-09.kitchen
spam	spam	0009.2001-06-26.sa_and_hp
spam	spam	0009.2003-12-18.gp
ham	ham	0010.1999-12-14.farmer
ham	ham	0010.1999-12-14.kaminski
ham	ham	0010.2001-02-09.kitchen
spam	spam	0010.2001-06-28.sa_and_hp
spam	spam	0010.2003-12-18.gp
spam	spam	0010.2004-08-01.bg
ham	ham	0011.1999-12-14.farmer
spam	spam	0011.2001-06-28.sa_and_hp
spam	spam	0011.2001-06-29.sa_and_hp
spam	spam	0011.2003-12-18.gp
spam	spam	0011.2004-08-01.bg
ham	ham	0012.1999-12-14.farmer
ham	ham	0012.1999-12-14.kaminski
ham	ham	0012.2000-01-17.beck
ham	spam	0012.2000-06-08.lokay
ham	ham	0012.2001-02-09.kitchen
spam	spam	0012.2003-12-19.gp
ham	ham	0013.1999-12-14.farmer
ham	ham	0013.1999-12-14.kaminski
ham	ham	0013.2001-04-03.williams
spam	spam	0013.2001-06-30.sa_and_hp
spam	spam	0013.2004-08-01.bg
ham	ham	0014.1999-12-14.kaminski
ham	ham	0014.1999-12-15.farmer
ham	ham	0014.2001-02-12.kitchen
spam	spam	0014.2001-07-04.sa_and_hp
spam	spam	0014.2003-12-19.gp
spam	spam	0014.2004-08-01.bg
ham	ham	0015.1999-12-14.kaminski
ham	ham	0015.1999-12-15.farmer
ham	ham	0015.2000-06-09.lokay
ham	ham	0015.2001-02-12.kitchen
spam	spam	0015.2001-07-05.sa_and_hp
spam	spam	0015.2003-12-19.gp
ham	ham	0016.1999-12-15.farmer
ham	ham	0016.2001-02-12.kitchen
spam	spam	0016.2001-07-05.sa_and_hp
spam	spam	0016.2001-07-06.sa_and_hp
spam	spam	0016.2003-12-19.gp
spam	spam	0016.2004-08-01.bg
ham	ham	0017.1999-12-14.kaminski
ham	ham	0017.2000-01-17.beck
ham	ham	0017.2001-04-03.williams
spam	spam	0017.2003-12-18.gp
spam	spam	0017.2004-08-01.bg
spam	spam	0017.2004-08-02.bg
ham	spam	0018.1999-12-14.kaminski
spam	spam	0018.2001-07-13.sa_and_hp
spam	spam	0018.2003-12-18.gp

Classification rate: 0.970000
